# JRE version: OpenJDK Runtime Environment (7.0_95) (build 1.7.0_95-b00)
# Java VM: OpenJDK 64-Bit Server VM (24.95-b01 mixed mode linux-amd64 compressed oops)
Heap
 def new generation   total 13824K, used 0K [0x00000006f5a00000, 0x00000006f6900000, 0x000000074af50000)
  eden space 12288K,   0% used [0x00000006f5a00000, 0x00000006f5a00000, 0x00000006f6600000)
  from space 1536K,   0% used [0x00000006f6780000, 0x00000006f6780000, 0x00000006f6900000)
  to   space 1536K,   0% used [0x00000006f6600000, 0x00000006f6600000, 0x00000006f6780000)
 tenured generation   total 85948K, used 81265K [0x000000074af50000, 0x000000075033f000, 0x00000007f5a00000)
   the space 85948K,  94% used [0x000000074af50000, 0x000000074feac5e8, 0x000000074feac600, 0x000000075033f000)
 compacting perm gen  total 29824K, used 29505K [0x00000007f5a00000, 0x00000007f7720000, 0x0000000800000000)
   the space 29824K,  98% used [0x00000007f5a00000, 0x00000007f76d0788, 0x00000007f76d0800, 0x00000007f7720000)
GC Heap History (10 events):
Event: 8.651 GC heap after
Heap after GC invocations=29 (full 2):
 def new generation   total 8064K, used 0K [0x00000006f5a00000, 0x00000006f62b0000, 0x000000074af50000)
  eden space 7232K,   0% used [0x00000006f5a00000, 0x00000006f5a00000, 0x00000006f6110000)
  from space 832K,   0% used [0x00000006f6110000, 0x00000006f6110000, 0x00000006f61e0000)
  to   space 832K,   0% used [0x00000006f61e0000, 0x00000006f61e0000, 0x00000006f62b0000)
 tenured generation   total 17500K, used 10499K [0x000000074af50000, 0x000000074c067000, 0x00000007f5a00000)
   the space 17500K,  59% used [0x000000074af50000, 0x000000074b990f68, 0x000000074b991000, 0x000000074c067000)
 compacting perm gen  total 28864K, used 28831K [0x00000007f5a00000, 0x00000007f7630000, 0x0000000800000000)
   the space 28864K,  99% used [0x00000007f5a00000, 0x00000007f7627e98, 0x00000007f7628000, 0x00000007f7630000)
No shared spaces configured.
}
Event: 8.704 GC heap before
{Heap before GC invocations=29 (full 2):
 def new generation   total 8064K, used 4112K [0x00000006f5a00000, 0x00000006f62b0000, 0x000000074af50000)
  eden space 7232K,  56% used [0x00000006f5a00000, 0x00000006f5e04250, 0x00000006f6110000)
  from space 832K,   0% used [0x00000006f6110000, 0x00000006f6110000, 0x00000006f61e0000)
  to   space 832K,   0% used [0x00000006f61e0000, 0x00000006f61e0000, 0x00000006f62b0000)
 tenured generation   total 17500K, used 10499K [0x000000074af50000, 0x000000074c067000, 0x00000007f5a00000)
   the space 17500K,  59% used [0x000000074af50000, 0x000000074b990f68, 0x000000074b991000, 0x000000074c067000)
 compacting perm gen  total 28864K, used 28831K [0x00000007f5a00000, 0x00000007f7630000, 0x0000000800000000)
   the space 28864K,  99% used [0x00000007f5a00000, 0x00000007f7627e98, 0x00000007f7628000, 0x00000007f7630000)
No shared spaces configured.
Event: 8.708 GC heap after
Heap after GC invocations=30 (full 2):
 def new generation   total 8064K, used 1K [0x00000006f5a00000, 0x00000006f62b0000, 0x000000074af50000)
  eden space 7232K,   0% used [0x00000006f5a00000, 0x00000006f5a00000, 0x00000006f6110000)
  from space 832K,   0% used [0x00000006f61e0000, 0x00000006f61e0788, 0x00000006f62b0000)
  to   space 832K,   0% used [0x00000006f6110000, 0x00000006f6110000, 0x00000006f61e0000)
 tenured generation   total 17500K, used 14406K [0x000000074af50000, 0x000000074c067000, 0x00000007f5a00000)
   the space 17500K,  82% used [0x000000074af50000, 0x000000074bd61878, 0x000000074bd61a00, 0x000000074c067000)
 compacting perm gen  total 28864K, used 28831K [0x00000007f5a00000, 0x00000007f7630000, 0x0000000800000000)
   the space 28864K,  99% used [0x00000007f5a00000, 0x00000007f7627e98, 0x00000007f7628000, 0x00000007f7630000)
No shared spaces configured.
}
Event: 8.769 GC heap before
{Heap before GC invocations=30 (full 2):
 def new generation   total 8064K, used 3948K [0x00000006f5a00000, 0x00000006f62b0000, 0x000000074af50000)
  eden space 7232K,  54% used [0x00000006f5a00000, 0x00000006f5ddac28, 0x00000006f6110000)
  from space 832K,   0% used [0x00000006f61e0000, 0x00000006f61e0788, 0x00000006f62b0000)
  to   space 832K,   0% used [0x00000006f6110000, 0x00000006f6110000, 0x00000006f61e0000)
 tenured generation   total 17500K, used 14406K [0x000000074af50000, 0x000000074c067000, 0x00000007f5a00000)
   the space 17500K,  82% used [0x000000074af50000, 0x000000074bd61878, 0x000000074bd61a00, 0x000000074c067000)
 compacting perm gen  total 28864K, used 28831K [0x00000007f5a00000, 0x00000007f7630000, 0x0000000800000000)
   the space 28864K,  99% used [0x00000007f5a00000, 0x00000007f7627e98, 0x00000007f7628000, 0x00000007f7630000)
No shared spaces configured.
Event: 8.806 GC heap after
Heap after GC invocations=31 (full 3):
 def new generation   total 13824K, used 0K [0x00000006f5a00000, 0x00000006f6900000, 0x000000074af50000)
  eden space 12288K,   0% used [0x00000006f5a00000, 0x00000006f5a00000, 0x00000006f6600000)
  from space 1536K,   0% used [0x00000006f6600000, 0x00000006f6600000, 0x00000006f6780000)
  to   space 1536K,   0% used [0x00000006f6780000, 0x00000006f6780000, 0x00000006f6900000)
 tenured generation   total 30528K, used 18315K [0x000000074af50000, 0x000000074cd20000, 0x00000007f5a00000)
   the space 30528K,  59% used [0x000000074af50000, 0x000000074c132e08, 0x000000074c133000, 0x000000074cd20000)
 compacting perm gen  total 28864K, used 28831K [0x00000007f5a00000, 0x00000007f7630000, 0x0000000800000000)
   the space 28864K,  99% used [0x00000007f5a00000, 0x00000007f7627e98, 0x00000007f7628000, 0x00000007f7630000)
No shared spaces configured.
}
Event: 9.711 GC heap before
{Heap before GC invocations=31 (full 3):
 def new generation   total 13824K, used 5470K [0x00000006f5a00000, 0x00000006f6900000, 0x000000074af50000)
  eden space 12288K,  44% used [0x00000006f5a00000, 0x00000006f5f57b98, 0x00000006f6600000)
  from space 1536K,   0% used [0x00000006f6600000, 0x00000006f6600000, 0x00000006f6780000)
  to   space 1536K,   0% used [0x00000006f6780000, 0x00000006f6780000, 0x00000006f6900000)
 tenured generation   total 78132K, used 65918K [0x000000074af50000, 0x000000074fb9d000, 0x00000007f5a00000)
   the space 78132K,  84% used [0x000000074af50000, 0x000000074efafa18, 0x000000074efafc00, 0x000000074fb9d000)
 compacting perm gen  total 29824K, used 29531K [0x00000007f5a00000, 0x00000007f7720000, 0x0000000800000000)
   the space 29824K,  99% used [0x00000007f5a00000, 0x00000007f76d6c40, 0x00000007f76d6e00, 0x00000007f7720000)
No shared spaces configured.
Event: 9.713 GC heap after
Heap after GC invocations=32 (full 3):
 def new generation   total 13824K, used 891K [0x00000006f5a00000, 0x00000006f6900000, 0x000000074af50000)
  eden space 12288K,   0% used [0x00000006f5a00000, 0x00000006f5a00000, 0x00000006f6600000)
  from space 1536K,  58% used [0x00000006f6780000, 0x00000006f685ec28, 0x00000006f6900000)
  to   space 1536K,   0% used [0x00000006f6600000, 0x00000006f6600000, 0x00000006f6780000)
 tenured generation   total 78132K, used 65918K [0x000000074af50000, 0x000000074fb9d000, 0x00000007f5a00000)
   the space 78132K,  84% used [0x000000074af50000, 0x000000074efafa18, 0x000000074efafc00, 0x000000074fb9d000)
 compacting perm gen  total 29824K, used 29531K [0x00000007f5a00000, 0x00000007f7720000, 0x0000000800000000)
   the space 29824K,  99% used [0x00000007f5a00000, 0x00000007f76d6c40, 0x00000007f76d6e00, 0x00000007f7720000)
No shared spaces configured.
}
Event: 9.715 GC heap before
{Heap before GC invocations=32 (full 3):
 def new generation   total 13824K, used 8826K [0x00000006f5a00000, 0x00000006f6900000, 0x000000074af50000)
  eden space 12288K,  64% used [0x00000006f5a00000, 0x00000006f61bfe00, 0x00000006f6600000)
  from space 1536K,  58% used [0x00000006f6780000, 0x00000006f685ec28, 0x00000006f6900000)
  to   space 1536K,   0% used [0x00000006f6600000, 0x00000006f6600000, 0x00000006f6780000)
 tenured generation   total 78132K, used 65918K [0x000000074af50000, 0x000000074fb9d000, 0x00000007f5a00000)
   the space 78132K,  84% used [0x000000074af50000, 0x000000074efafa18, 0x000000074efafc00, 0x000000074fb9d000)
 compacting perm gen  total 29824K, used 29531K [0x00000007f5a00000, 0x00000007f7720000, 0x0000000800000000)
   the space 29824K,  99% used [0x00000007f5a00000, 0x00000007f76d6c40, 0x00000007f76d6e00, 0x00000007f7720000)
No shared spaces configured.
Event: 9.724 GC heap after
Heap after GC invocations=33 (full 3):
 def new generation   total 13824K, used 0K [0x00000006f5a00000, 0x00000006f6900000, 0x000000074af50000)
  eden space 12288K,   0% used [0x00000006f5a00000, 0x00000006f5a00000, 0x00000006f6600000)
  from space 1536K,   0% used [0x00000006f6600000, 0x00000006f6600078, 0x00000006f6780000)
  to   space 1536K,   0% used [0x00000006f6780000, 0x00000006f6780000, 0x00000006f6900000)
 tenured generation   total 78132K, used 74150K [0x000000074af50000, 0x000000074fb9d000, 0x00000007f5a00000)
   the space 78132K,  94% used [0x000000074af50000, 0x000000074f7b9b98, 0x000000074f7b9c00, 0x000000074fb9d000)
 compacting perm gen  total 29824K, used 29531K [0x00000007f5a00000, 0x00000007f7720000, 0x0000000800000000)
   the space 29824K,  99% used [0x00000007f5a00000, 0x00000007f76d6c40, 0x00000007f76d6e00, 0x00000007f7720000)
No shared spaces configured.
}
Event: 9.727 GC heap before
{Heap before GC invocations=33 (full 3):
 def new generation   total 13824K, used 7812K [0x00000006f5a00000, 0x00000006f6900000, 0x000000074af50000)
  eden space 12288K,  63% used [0x00000006f5a00000, 0x00000006f61a1270, 0x00000006f6600000)
  from space 1536K,   0% used [0x00000006f6600000, 0x00000006f6600078, 0x00000006f6780000)
  to   space 1536K,   0% used [0x00000006f6780000, 0x00000006f6780000, 0x00000006f6900000)
 tenured generation   total 78132K, used 74150K [0x000000074af50000, 0x000000074fb9d000, 0x00000007f5a00000)
   the space 78132K,  94% used [0x000000074af50000, 0x000000074f7b9b98, 0x000000074f7b9c00, 0x000000074fb9d000)
 compacting perm gen  total 29824K, used 29531K [0x00000007f5a00000, 0x00000007f7720000, 0x0000000800000000)
   the space 29824K,  99% used [0x00000007f5a00000, 0x00000007f76d6d50, 0x00000007f76d6e00, 0x00000007f7720000)
No shared spaces configured.

