# JRE version: OpenJDK Runtime Environment (7.0_95) (build 1.7.0_95-b00)
# Java VM: OpenJDK 64-Bit Server VM (24.95-b01 mixed mode linux-amd64 compressed oops)
Heap
 def new generation   total 13632K, used 0K [0x00000006f5a00000, 0x00000006f68c0000, 0x000000074af50000)
  eden space 12160K,   0% used [0x00000006f5a00000, 0x00000006f5a00000, 0x00000006f65e0000)
  from space 1472K,   0% used [0x00000006f6750000, 0x00000006f6750000, 0x00000006f68c0000)
  to   space 1472K,   0% used [0x00000006f65e0000, 0x00000006f65e0000, 0x00000006f6750000)
 tenured generation   total 85356K, used 81524K [0x000000074af50000, 0x00000007502ab000, 0x00000007f5a00000)
   the space 85356K,  95% used [0x000000074af50000, 0x000000074feed3f0, 0x000000074feed400, 0x00000007502ab000)
 compacting perm gen  total 31296K, used 31060K [0x00000007f5a00000, 0x00000007f7890000, 0x0000000800000000)
   the space 31296K,  99% used [0x00000007f5a00000, 0x00000007f7855010, 0x00000007f7855200, 0x00000007f7890000)
GC Heap History (10 events):
Event: 97.354 GC heap after
Heap after GC invocations=31 (full 3):
 def new generation   total 8320K, used 0K [0x00000006f5a00000, 0x00000006f6300000, 0x000000074af50000)
  eden space 7424K,   0% used [0x00000006f5a00000, 0x00000006f5a00000, 0x00000006f6140000)
  from space 896K,   0% used [0x00000006f6140000, 0x00000006f6140000, 0x00000006f6220000)
  to   space 896K,   0% used [0x00000006f6220000, 0x00000006f6220000, 0x00000006f6300000)
 tenured generation   total 18264K, used 10958K [0x000000074af50000, 0x000000074c126000, 0x00000007f5a00000)
   the space 18264K,  59% used [0x000000074af50000, 0x000000074ba03868, 0x000000074ba03a00, 0x000000074c126000)
 compacting perm gen  total 30336K, used 30310K [0x00000007f5a00000, 0x00000007f77a0000, 0x0000000800000000)
   the space 30336K,  99% used [0x00000007f5a00000, 0x00000007f7799bf0, 0x00000007f7799c00, 0x00000007f77a0000)
No shared spaces configured.
}
Event: 97.401 GC heap before
{Heap before GC invocations=31 (full 3):
 def new generation   total 8320K, used 4110K [0x00000006f5a00000, 0x00000006f6300000, 0x000000074af50000)
  eden space 7424K,  55% used [0x00000006f5a00000, 0x00000006f5e03b00, 0x00000006f6140000)
  from space 896K,   0% used [0x00000006f6140000, 0x00000006f6140000, 0x00000006f6220000)
  to   space 896K,   0% used [0x00000006f6220000, 0x00000006f6220000, 0x00000006f6300000)
 tenured generation   total 18264K, used 10958K [0x000000074af50000, 0x000000074c126000, 0x00000007f5a00000)
   the space 18264K,  59% used [0x000000074af50000, 0x000000074ba03868, 0x000000074ba03a00, 0x000000074c126000)
 compacting perm gen  total 30336K, used 30310K [0x00000007f5a00000, 0x00000007f77a0000, 0x0000000800000000)
   the space 30336K,  99% used [0x00000007f5a00000, 0x00000007f7799bf0, 0x00000007f7799c00, 0x00000007f77a0000)
No shared spaces configured.
Event: 97.402 GC heap after
Heap after GC invocations=32 (full 3):
 def new generation   total 8320K, used 1K [0x00000006f5a00000, 0x00000006f6300000, 0x000000074af50000)
  eden space 7424K,   0% used [0x00000006f5a00000, 0x00000006f5a00000, 0x00000006f6140000)
  from space 896K,   0% used [0x00000006f6220000, 0x00000006f62205d8, 0x00000006f6300000)
  to   space 896K,   0% used [0x00000006f6140000, 0x00000006f6140000, 0x00000006f6220000)
 tenured generation   total 18264K, used 14864K [0x000000074af50000, 0x000000074c126000, 0x00000007f5a00000)
   the space 18264K,  81% used [0x000000074af50000, 0x000000074bdd4178, 0x000000074bdd4200, 0x000000074c126000)
 compacting perm gen  total 30336K, used 30310K [0x00000007f5a00000, 0x00000007f77a0000, 0x0000000800000000)
   the space 30336K,  99% used [0x00000007f5a00000, 0x00000007f7799bf0, 0x00000007f7799c00, 0x00000007f77a0000)
No shared spaces configured.
}
Event: 97.452 GC heap before
{Heap before GC invocations=32 (full 3):
 def new generation   total 8320K, used 3944K [0x00000006f5a00000, 0x00000006f6300000, 0x000000074af50000)
  eden space 7424K,  53% used [0x00000006f5a00000, 0x00000006f5dd9df8, 0x00000006f6140000)
  from space 896K,   0% used [0x00000006f6220000, 0x00000006f62205d8, 0x00000006f6300000)
  to   space 896K,   0% used [0x00000006f6140000, 0x00000006f6140000, 0x00000006f6220000)
 tenured generation   total 18264K, used 14864K [0x000000074af50000, 0x000000074c126000, 0x00000007f5a00000)
   the space 18264K,  81% used [0x000000074af50000, 0x000000074bdd4178, 0x000000074bdd4200, 0x000000074c126000)
 compacting perm gen  total 30336K, used 30310K [0x00000007f5a00000, 0x00000007f77a0000, 0x0000000800000000)
   the space 30336K,  99% used [0x00000007f5a00000, 0x00000007f7799bf0, 0x00000007f7799c00, 0x00000007f77a0000)
No shared spaces configured.
Event: 97.500 GC heap after
Heap after GC invocations=33 (full 4):
 def new generation   total 13632K, used 0K [0x00000006f5a00000, 0x00000006f68c0000, 0x000000074af50000)
  eden space 12160K,   0% used [0x00000006f5a00000, 0x00000006f5a00000, 0x00000006f65e0000)
  from space 1472K,   0% used [0x00000006f65e0000, 0x00000006f65e0000, 0x00000006f6750000)
  to   space 1472K,   0% used [0x00000006f6750000, 0x00000006f6750000, 0x00000006f68c0000)
 tenured generation   total 29936K, used 17961K [0x000000074af50000, 0x000000074cc8c000, 0x00000007f5a00000)
   the space 29936K,  59% used [0x000000074af50000, 0x000000074c0da4a8, 0x000000074c0da600, 0x000000074cc8c000)
 compacting perm gen  total 30336K, used 30286K [0x00000007f5a00000, 0x00000007f77a0000, 0x0000000800000000)
   the space 30336K,  99% used [0x00000007f5a00000, 0x00000007f77938a0, 0x00000007f7793a00, 0x00000007f77a0000)
No shared spaces configured.
}
Event: 98.268 GC heap before
{Heap before GC invocations=33 (full 4):
 def new generation   total 13632K, used 5455K [0x00000006f5a00000, 0x00000006f68c0000, 0x000000074af50000)
  eden space 12160K,  44% used [0x00000006f5a00000, 0x00000006f5f53c70, 0x00000006f65e0000)
  from space 1472K,   0% used [0x00000006f65e0000, 0x00000006f65e0000, 0x00000006f6750000)
  to   space 1472K,   0% used [0x00000006f6750000, 0x00000006f6750000, 0x00000006f68c0000)
 tenured generation   total 77540K, used 65564K [0x000000074af50000, 0x000000074fb09000, 0x00000007f5a00000)
   the space 77540K,  84% used [0x000000074af50000, 0x000000074ef570b8, 0x000000074ef57200, 0x000000074fb09000)
 compacting perm gen  total 31296K, used 31058K [0x00000007f5a00000, 0x00000007f7890000, 0x0000000800000000)
   the space 31296K,  99% used [0x00000007f5a00000, 0x00000007f7854aa0, 0x00000007f7854c00, 0x00000007f7890000)
No shared spaces configured.
Event: 98.271 GC heap after
Heap after GC invocations=34 (full 4):
 def new generation   total 13632K, used 903K [0x00000006f5a00000, 0x00000006f68c0000, 0x000000074af50000)
  eden space 12160K,   0% used [0x00000006f5a00000, 0x00000006f5a00000, 0x00000006f65e0000)
  from space 1472K,  61% used [0x00000006f6750000, 0x00000006f6831eb8, 0x00000006f68c0000)
  to   space 1472K,   0% used [0x00000006f65e0000, 0x00000006f65e0000, 0x00000006f6750000)
 tenured generation   total 77540K, used 65564K [0x000000074af50000, 0x000000074fb09000, 0x00000007f5a00000)
   the space 77540K,  84% used [0x000000074af50000, 0x000000074ef570b8, 0x000000074ef57200, 0x000000074fb09000)
 compacting perm gen  total 31296K, used 31058K [0x00000007f5a00000, 0x00000007f7890000, 0x0000000800000000)
   the space 31296K,  99% used [0x00000007f5a00000, 0x00000007f7854aa0, 0x00000007f7854c00, 0x00000007f7890000)
No shared spaces configured.
}
Event: 98.273 GC heap before
{Heap before GC invocations=34 (full 4):
 def new generation   total 13632K, used 8747K [0x00000006f5a00000, 0x00000006f68c0000, 0x000000074af50000)
  eden space 12160K,  64% used [0x00000006f5a00000, 0x00000006f61a8e30, 0x00000006f65e0000)
  from space 1472K,  61% used [0x00000006f6750000, 0x00000006f6831eb8, 0x00000006f68c0000)
  to   space 1472K,   0% used [0x00000006f65e0000, 0x00000006f65e0000, 0x00000006f6750000)
 tenured generation   total 77540K, used 65564K [0x000000074af50000, 0x000000074fb09000, 0x00000007f5a00000)
   the space 77540K,  84% used [0x000000074af50000, 0x000000074ef570b8, 0x000000074ef57200, 0x000000074fb09000)
 compacting perm gen  total 31296K, used 31058K [0x00000007f5a00000, 0x00000007f7890000, 0x0000000800000000)
   the space 31296K,  99% used [0x00000007f5a00000, 0x00000007f7854aa0, 0x00000007f7854c00, 0x00000007f7890000)
No shared spaces configured.
Event: 98.282 GC heap after
Heap after GC invocations=35 (full 4):
 def new generation   total 13632K, used 0K [0x00000006f5a00000, 0x00000006f68c0000, 0x000000074af50000)
  eden space 12160K,   0% used [0x00000006f5a00000, 0x00000006f5a00000, 0x00000006f65e0000)
  from space 1472K,   0% used [0x00000006f65e0000, 0x00000006f65e0018, 0x00000006f6750000)
  to   space 1472K,   0% used [0x00000006f6750000, 0x00000006f6750000, 0x00000006f68c0000)
 tenured generation   total 77540K, used 73712K [0x000000074af50000, 0x000000074fb09000, 0x00000007f5a00000)
   the space 77540K,  95% used [0x000000074af50000, 0x000000074f74c168, 0x000000074f74c200, 0x000000074fb09000)
 compacting perm gen  total 31296K, used 31058K [0x00000007f5a00000, 0x00000007f7890000, 0x0000000800000000)
   the space 31296K,  99% used [0x00000007f5a00000, 0x00000007f7854aa0, 0x00000007f7854c00, 0x00000007f7890000)
No shared spaces configured.
}
Event: 98.284 GC heap before
{Heap before GC invocations=35 (full 4):
 def new generation   total 13632K, used 7812K [0x00000006f5a00000, 0x00000006f68c0000, 0x000000074af50000)
  eden space 12160K,  64% used [0x00000006f5a00000, 0x00000006f61a1270, 0x00000006f65e0000)
  from space 1472K,   0% used [0x00000006f65e0000, 0x00000006f65e0018, 0x00000006f6750000)
  to   space 1472K,   0% used [0x00000006f6750000, 0x00000006f6750000, 0x00000006f68c0000)
 tenured generation   total 77540K, used 73712K [0x000000074af50000, 0x000000074fb09000, 0x00000007f5a00000)
   the space 77540K,  95% used [0x000000074af50000, 0x000000074f74c168, 0x000000074f74c200, 0x000000074fb09000)
 compacting perm gen  total 31296K, used 31060K [0x00000007f5a00000, 0x00000007f7890000, 0x0000000800000000)
   the space 31296K,  99% used [0x00000007f5a00000, 0x00000007f7855010, 0x00000007f7855200, 0x00000007f7890000)
No shared spaces configured.

