# JRE version: OpenJDK Runtime Environment (7.0_95) (build 1.7.0_95-b00)
# Java VM: OpenJDK 64-Bit Server VM (24.95-b01 mixed mode linux-amd64 compressed oops)
Heap
 def new generation   total 61632K, used 51466K [0x00000006f5a00000, 0x00000006f9cd0000, 0x000000074af50000)
  eden space 54848K,  88% used [0x00000006f5a00000, 0x00000006f89399a0, 0x00000006f8f90000)
  from space 6784K,  45% used [0x00000006f8f90000, 0x00000006f92990b0, 0x00000006f9630000)
  to   space 6784K,   1% used [0x00000006f9630000, 0x00000006f9649198, 0x00000006f9cd0000)
 tenured generation   total 136624K, used 135111K [0x000000074af50000, 0x00000007534bc000, 0x00000007f5a00000)
   the space 136624K,  98% used [0x000000074af50000, 0x0000000753341e68, 0x0000000753342000, 0x00000007534bc000)
 compacting perm gen  total 33216K, used 33033K [0x00000007f5a00000, 0x00000007f7a70000, 0x0000000800000000)
   the space 33216K,  99% used [0x00000007f5a00000, 0x00000007f7a42488, 0x00000007f7a42600, 0x00000007f7a70000)
GC Heap History (10 events):
Event: 960.922 GC heap after
Heap after GC invocations=46 (full 5):
 def new generation   total 61632K, used 4534K [0x00000006f5a00000, 0x00000006f9cd0000, 0x000000074af50000)
  eden space 54848K,   0% used [0x00000006f5a00000, 0x00000006f5a00000, 0x00000006f8f90000)
  from space 6784K,  66% used [0x00000006f8f90000, 0x00000006f93fd930, 0x00000006f9630000)
  to   space 6784K,   0% used [0x00000006f9630000, 0x00000006f9630000, 0x00000006f9cd0000)
 tenured generation   total 136624K, used 121804K [0x000000074af50000, 0x00000007534bc000, 0x00000007f5a00000)
   the space 136624K,  89% used [0x000000074af50000, 0x0000000752643370, 0x0000000752643400, 0x00000007534bc000)
 compacting perm gen  total 33216K, used 32946K [0x00000007f5a00000, 0x00000007f7a70000, 0x0000000800000000)
   the space 33216K,  99% used [0x00000007f5a00000, 0x00000007f7a2c850, 0x00000007f7a2ca00, 0x00000007f7a70000)
No shared spaces configured.
}
Event: 963.746 GC heap before
{Heap before GC invocations=46 (full 5):
 def new generation   total 61632K, used 59382K [0x00000006f5a00000, 0x00000006f9cd0000, 0x000000074af50000)
  eden space 54848K, 100% used [0x00000006f5a00000, 0x00000006f8f90000, 0x00000006f8f90000)
  from space 6784K,  66% used [0x00000006f8f90000, 0x00000006f93fd930, 0x00000006f9630000)
  to   space 6784K,   0% used [0x00000006f9630000, 0x00000006f9630000, 0x00000006f9cd0000)
 tenured generation   total 136624K, used 121804K [0x000000074af50000, 0x00000007534bc000, 0x00000007f5a00000)
   the space 136624K,  89% used [0x000000074af50000, 0x0000000752643370, 0x0000000752643400, 0x00000007534bc000)
 compacting perm gen  total 33216K, used 32973K [0x00000007f5a00000, 0x00000007f7a70000, 0x0000000800000000)
   the space 33216K,  99% used [0x00000007f5a00000, 0x00000007f7a336b8, 0x00000007f7a33800, 0x00000007f7a70000)
No shared spaces configured.
Event: 963.752 GC heap after
Heap after GC invocations=47 (full 5):
 def new generation   total 61632K, used 4613K [0x00000006f5a00000, 0x00000006f9cd0000, 0x000000074af50000)
  eden space 54848K,   0% used [0x00000006f5a00000, 0x00000006f5a00000, 0x00000006f8f90000)
  from space 6784K,  68% used [0x00000006f9630000, 0x00000006f9ab15e8, 0x00000006f9cd0000)
  to   space 6784K,   0% used [0x00000006f8f90000, 0x00000006f8f90000, 0x00000006f9630000)
 tenured generation   total 136624K, used 123094K [0x000000074af50000, 0x00000007534bc000, 0x00000007f5a00000)
   the space 136624K,  90% used [0x000000074af50000, 0x00000007527858d0, 0x0000000752785a00, 0x00000007534bc000)
 compacting perm gen  total 33216K, used 32973K [0x00000007f5a00000, 0x00000007f7a70000, 0x0000000800000000)
   the space 33216K,  99% used [0x00000007f5a00000, 0x00000007f7a336b8, 0x00000007f7a33800, 0x00000007f7a70000)
No shared spaces configured.
}
Event: 970.067 GC heap before
{Heap before GC invocations=47 (full 5):
 def new generation   total 61632K, used 59438K [0x00000006f5a00000, 0x00000006f9cd0000, 0x000000074af50000)
  eden space 54848K,  99% used [0x00000006f5a00000, 0x00000006f8f8a2f0, 0x00000006f8f90000)
  from space 6784K,  68% used [0x00000006f9630000, 0x00000006f9ab15e8, 0x00000006f9cd0000)
  to   space 6784K,   0% used [0x00000006f8f90000, 0x00000006f8f90000, 0x00000006f9630000)
 tenured generation   total 136624K, used 123094K [0x000000074af50000, 0x00000007534bc000, 0x00000007f5a00000)
   the space 136624K,  90% used [0x000000074af50000, 0x00000007527858d0, 0x0000000752785a00, 0x00000007534bc000)
 compacting perm gen  total 33216K, used 32987K [0x00000007f5a00000, 0x00000007f7a70000, 0x0000000800000000)
   the space 33216K,  99% used [0x00000007f5a00000, 0x00000007f7a36c78, 0x00000007f7a36e00, 0x00000007f7a70000)
No shared spaces configured.
Event: 970.076 GC heap after
Heap after GC invocations=48 (full 5):
 def new generation   total 61632K, used 4448K [0x00000006f5a00000, 0x00000006f9cd0000, 0x000000074af50000)
  eden space 54848K,   0% used [0x00000006f5a00000, 0x00000006f5a00000, 0x00000006f8f90000)
  from space 6784K,  65% used [0x00000006f8f90000, 0x00000006f93e8198, 0x00000006f9630000)
  to   space 6784K,   0% used [0x00000006f9630000, 0x00000006f9630000, 0x00000006f9cd0000)
 tenured generation   total 136624K, used 124579K [0x000000074af50000, 0x00000007534bc000, 0x00000007f5a00000)
   the space 136624K,  91% used [0x000000074af50000, 0x00000007528f8f80, 0x00000007528f9000, 0x00000007534bc000)
 compacting perm gen  total 33216K, used 32987K [0x00000007f5a00000, 0x00000007f7a70000, 0x0000000800000000)
   the space 33216K,  99% used [0x00000007f5a00000, 0x00000007f7a36c78, 0x00000007f7a36e00, 0x00000007f7a70000)
No shared spaces configured.
}
Event: 1320.188 GC heap before
{Heap before GC invocations=48 (full 5):
 def new generation   total 61632K, used 55045K [0x00000006f5a00000, 0x00000006f9cd0000, 0x000000074af50000)
  eden space 54848K,  92% used [0x00000006f5a00000, 0x00000006f8b69660, 0x00000006f8f90000)
  from space 6784K,  65% used [0x00000006f8f90000, 0x00000006f93e8198, 0x00000006f9630000)
  to   space 6784K,   0% used [0x00000006f9630000, 0x00000006f9630000, 0x00000006f9cd0000)
 tenured generation   total 136624K, used 124579K [0x000000074af50000, 0x00000007534bc000, 0x00000007f5a00000)
   the space 136624K,  91% used [0x000000074af50000, 0x00000007528f8f80, 0x00000007528f9000, 0x00000007534bc000)
 compacting perm gen  total 33216K, used 32997K [0x00000007f5a00000, 0x00000007f7a70000, 0x0000000800000000)
   the space 33216K,  99% used [0x00000007f5a00000, 0x00000007f7a397f0, 0x00000007f7a39800, 0x00000007f7a70000)
No shared spaces configured.
Event: 1320.280 GC heap after
Heap after GC invocations=49 (full 5):
 def new generation   total 61632K, used 4467K [0x00000006f5a00000, 0x00000006f9cd0000, 0x000000074af50000)
  eden space 54848K,   0% used [0x00000006f5a00000, 0x00000006f5a00000, 0x00000006f8f90000)
  from space 6784K,  65% used [0x00000006f9630000, 0x00000006f9a8cc70, 0x00000006f9cd0000)
  to   space 6784K,   0% used [0x00000006f8f90000, 0x00000006f8f90000, 0x00000006f9630000)
 tenured generation   total 136624K, used 125914K [0x000000074af50000, 0x00000007534bc000, 0x00000007f5a00000)
   the space 136624K,  92% used [0x000000074af50000, 0x0000000752a46a38, 0x0000000752a46c00, 0x00000007534bc000)
 compacting perm gen  total 33216K, used 32997K [0x00000007f5a00000, 0x00000007f7a70000, 0x0000000800000000)
   the space 33216K,  99% used [0x00000007f5a00000, 0x00000007f7a397f0, 0x00000007f7a39800, 0x00000007f7a70000)
No shared spaces configured.
}
Event: 1320.673 GC heap before
{Heap before GC invocations=49 (full 5):
 def new generation   total 61632K, used 59315K [0x00000006f5a00000, 0x00000006f9cd0000, 0x000000074af50000)
  eden space 54848K, 100% used [0x00000006f5a00000, 0x00000006f8f90000, 0x00000006f8f90000)
  from space 6784K,  65% used [0x00000006f9630000, 0x00000006f9a8cc70, 0x00000006f9cd0000)
  to   space 6784K,   0% used [0x00000006f8f90000, 0x00000006f8f90000, 0x00000006f9630000)
 tenured generation   total 136624K, used 125914K [0x000000074af50000, 0x00000007534bc000, 0x00000007f5a00000)
   the space 136624K,  92% used [0x000000074af50000, 0x0000000752a46a38, 0x0000000752a46c00, 0x00000007534bc000)
 compacting perm gen  total 33216K, used 33003K [0x00000007f5a00000, 0x00000007f7a70000, 0x0000000800000000)
   the space 33216K,  99% used [0x00000007f5a00000, 0x00000007f7a3af28, 0x00000007f7a3b000, 0x00000007f7a70000)
No shared spaces configured.
Event: 1320.687 GC heap after
Heap after GC invocations=50 (full 5):
 def new generation   total 61632K, used 3108K [0x00000006f5a00000, 0x00000006f9cd0000, 0x000000074af50000)
  eden space 54848K,   0% used [0x00000006f5a00000, 0x00000006f5a00000, 0x00000006f8f90000)
  from space 6784K,  45% used [0x00000006f8f90000, 0x00000006f92990b0, 0x00000006f9630000)
  to   space 6784K,   0% used [0x00000006f9630000, 0x00000006f9630000, 0x00000006f9cd0000)
 tenured generation   total 136624K, used 127299K [0x000000074af50000, 0x00000007534bc000, 0x00000007f5a00000)
   the space 136624K,  93% used [0x000000074af50000, 0x0000000752ba0c58, 0x0000000752ba0e00, 0x00000007534bc000)
 compacting perm gen  total 33216K, used 33003K [0x00000007f5a00000, 0x00000007f7a70000, 0x0000000800000000)
   the space 33216K,  99% used [0x00000007f5a00000, 0x00000007f7a3af28, 0x00000007f7a3b000, 0x00000007f7a70000)
No shared spaces configured.
}
Event: 1321.976 GC heap before
{Heap before GC invocations=50 (full 5):
 def new generation   total 61632K, used 51466K [0x00000006f5a00000, 0x00000006f9cd0000, 0x000000074af50000)
  eden space 54848K,  88% used [0x00000006f5a00000, 0x00000006f89399a0, 0x00000006f8f90000)
  from space 6784K,  45% used [0x00000006f8f90000, 0x00000006f92990b0, 0x00000006f9630000)
  to   space 6784K,   0% used [0x00000006f9630000, 0x00000006f9630000, 0x00000006f9cd0000)
 tenured generation   total 136624K, used 127299K [0x000000074af50000, 0x00000007534bc000, 0x00000007f5a00000)
   the space 136624K,  93% used [0x000000074af50000, 0x0000000752ba0c58, 0x0000000752ba0e00, 0x00000007534bc000)
 compacting perm gen  total 33216K, used 33033K [0x00000007f5a00000, 0x00000007f7a70000, 0x0000000800000000)
   the space 33216K,  99% used [0x00000007f5a00000, 0x00000007f7a42488, 0x00000007f7a42600, 0x00000007f7a70000)
No shared spaces configured.

